[2019-07-06T21:58:17.919] [ERROR] application - { Error: 参数错误
    at Function.register (/Users/jun/JJGit/NodeJs/token/modules/account/account.js:9:13)
    at router.post (/Users/jun/JJGit/NodeJs/token/routers/apis/user.js:20:17)
    at dispatch (/Users/jun/JJGit/NodeJs/token/node_modules/koa-router/node_modules/koa-compose/index.js:44:32)
    at next (/Users/jun/JJGit/NodeJs/token/node_modules/koa-router/node_modules/koa-compose/index.js:45:18)
    at /Users/jun/JJGit/NodeJs/token/node_modules/koa-router/lib/router.js:346:16
    at dispatch (/Users/jun/JJGit/NodeJs/token/node_modules/koa-router/node_modules/koa-compose/index.js:44:32)
    at /Users/jun/JJGit/NodeJs/token/node_modules/koa-router/node_modules/koa-compose/index.js:36:12
    at dispatch (/Users/jun/JJGit/NodeJs/token/node_modules/koa-router/lib/router.js:351:31)
    at dispatch (/Users/jun/JJGit/NodeJs/token/node_modules/koa-compose/index.js:42:32)
    at /Users/jun/JJGit/NodeJs/token/node_modules/koa-compose/index.js:34:12
    at dispatch (/Users/jun/JJGit/NodeJs/token/node_modules/koa/node_modules/koa-compose/index.js:42:32)
    at /Users/jun/JJGit/NodeJs/token/node_modules/koa-log4/koa-logger.js:86:13
    at dispatch (/Users/jun/JJGit/NodeJs/token/node_modules/koa/node_modules/koa-compose/index.js:42:32)
    at module.exports (/Users/jun/JJGit/NodeJs/token/core/exception.js:5:11)
    at dispatch (/Users/jun/JJGit/NodeJs/token/node_modules/koa/node_modules/koa-compose/index.js:42:32)
    at bodyParser (/Users/jun/JJGit/NodeJs/token/node_modules/koa-bodyparser/index.js:86:11)
    at process._tickCallback (internal/process/next_tick.js:68:7) status: 40001, msg: '参数错误' }
[2019-07-06T21:58:38.556] [ERROR] application - { Error: 参数错误
    at Function.register (/Users/jun/JJGit/NodeJs/token/modules/account/account.js:9:13)
    at router.post (/Users/jun/JJGit/NodeJs/token/routers/apis/user.js:20:17)
    at dispatch (/Users/jun/JJGit/NodeJs/token/node_modules/koa-router/node_modules/koa-compose/index.js:44:32)
    at next (/Users/jun/JJGit/NodeJs/token/node_modules/koa-router/node_modules/koa-compose/index.js:45:18)
    at /Users/jun/JJGit/NodeJs/token/node_modules/koa-router/lib/router.js:346:16
    at dispatch (/Users/jun/JJGit/NodeJs/token/node_modules/koa-router/node_modules/koa-compose/index.js:44:32)
    at /Users/jun/JJGit/NodeJs/token/node_modules/koa-router/node_modules/koa-compose/index.js:36:12
    at dispatch (/Users/jun/JJGit/NodeJs/token/node_modules/koa-router/lib/router.js:351:31)
    at dispatch (/Users/jun/JJGit/NodeJs/token/node_modules/koa-compose/index.js:42:32)
    at /Users/jun/JJGit/NodeJs/token/node_modules/koa-compose/index.js:34:12
    at dispatch (/Users/jun/JJGit/NodeJs/token/node_modules/koa/node_modules/koa-compose/index.js:42:32)
    at /Users/jun/JJGit/NodeJs/token/node_modules/koa-log4/koa-logger.js:86:13
    at dispatch (/Users/jun/JJGit/NodeJs/token/node_modules/koa/node_modules/koa-compose/index.js:42:32)
    at module.exports (/Users/jun/JJGit/NodeJs/token/core/exception.js:5:11)
    at dispatch (/Users/jun/JJGit/NodeJs/token/node_modules/koa/node_modules/koa-compose/index.js:42:32)
    at bodyParser (/Users/jun/JJGit/NodeJs/token/node_modules/koa-bodyparser/index.js:86:11)
    at process._tickCallback (internal/process/next_tick.js:68:7) status: 40001, msg: '参数错误' }
[2019-07-06T22:15:57.118] [ERROR] application - { Error: 参数错误
    at Function.register (/Users/jun/JJGit/NodeJs/token/modules/account/account.js:9:13)
    at router.post (/Users/jun/JJGit/NodeJs/token/routers/apis/user.js:20:17)
    at dispatch (/Users/jun/JJGit/NodeJs/token/node_modules/koa-router/node_modules/koa-compose/index.js:44:32)
    at next (/Users/jun/JJGit/NodeJs/token/node_modules/koa-router/node_modules/koa-compose/index.js:45:18)
    at /Users/jun/JJGit/NodeJs/token/node_modules/koa-router/lib/router.js:346:16
    at dispatch (/Users/jun/JJGit/NodeJs/token/node_modules/koa-router/node_modules/koa-compose/index.js:44:32)
    at /Users/jun/JJGit/NodeJs/token/node_modules/koa-router/node_modules/koa-compose/index.js:36:12
    at dispatch (/Users/jun/JJGit/NodeJs/token/node_modules/koa-router/lib/router.js:351:31)
    at dispatch (/Users/jun/JJGit/NodeJs/token/node_modules/koa-compose/index.js:42:32)
    at /Users/jun/JJGit/NodeJs/token/node_modules/koa-compose/index.js:34:12
    at dispatch (/Users/jun/JJGit/NodeJs/token/node_modules/koa/node_modules/koa-compose/index.js:42:32)
    at /Users/jun/JJGit/NodeJs/token/node_modules/koa-log4/koa-logger.js:86:13
    at dispatch (/Users/jun/JJGit/NodeJs/token/node_modules/koa/node_modules/koa-compose/index.js:42:32)
    at module.exports (/Users/jun/JJGit/NodeJs/token/core/exception.js:5:11)
    at dispatch (/Users/jun/JJGit/NodeJs/token/node_modules/koa/node_modules/koa-compose/index.js:42:32)
    at bodyParser (/Users/jun/JJGit/NodeJs/token/node_modules/koa-bodyparser/index.js:86:11)
    at process._tickCallback (internal/process/next_tick.js:68:7) status: 40001, msg: '参数错误' }
