[2019-10-15T11:36:55.399] [ERROR] application - Error: WHERE parameter "title" has invalid "undefined" value
    at MySQLQueryGenerator.whereItemQuery (/Users/ios/JJGit/NodeJs/Koa/token/node_modules/sequelize/lib/dialects/abstract/query-generator.js:2063:13)
    at Utils.getComplexKeys.forEach.prop (/Users/ios/JJGit/NodeJs/Koa/token/node_modules/sequelize/lib/dialects/abstract/query-generator.js:2052:25)
    at Array.forEach (<anonymous>)
    at MySQLQueryGenerator.whereItemsQuery (/Users/ios/JJGit/NodeJs/Koa/token/node_modules/sequelize/lib/dialects/abstract/query-generator.js:2050:35)
    at MySQLQueryGenerator.getWhereConditions (/Users/ios/JJGit/NodeJs/Koa/token/node_modules/sequelize/lib/dialects/abstract/query-generator.js:2462:19)
    at MySQLQueryGenerator.selectQuery (/Users/ios/JJGit/NodeJs/Koa/token/node_modules/sequelize/lib/dialects/abstract/query-generator.js:1283:28)
    at QueryInterface.select (/Users/ios/JJGit/NodeJs/Koa/token/node_modules/sequelize/lib/query-interface.js:1121:27)
    at Promise.try.then.then.then (/Users/ios/JJGit/NodeJs/Koa/token/node_modules/sequelize/lib/model.js:1749:34)
    at tryCatcher (/Users/ios/JJGit/NodeJs/Koa/token/node_modules/bluebird/js/release/util.js:16:23)
    at Promise._settlePromiseFromHandler (/Users/ios/JJGit/NodeJs/Koa/token/node_modules/bluebird/js/release/promise.js:517:31)
    at Promise._settlePromise (/Users/ios/JJGit/NodeJs/Koa/token/node_modules/bluebird/js/release/promise.js:574:18)
    at Promise._settlePromise0 (/Users/ios/JJGit/NodeJs/Koa/token/node_modules/bluebird/js/release/promise.js:619:10)
    at Promise._settlePromises (/Users/ios/JJGit/NodeJs/Koa/token/node_modules/bluebird/js/release/promise.js:699:18)
    at _drainQueueStep (/Users/ios/JJGit/NodeJs/Koa/token/node_modules/bluebird/js/release/async.js:138:12)
    at _drainQueue (/Users/ios/JJGit/NodeJs/Koa/token/node_modules/bluebird/js/release/async.js:131:9)
    at Async._drainQueues (/Users/ios/JJGit/NodeJs/Koa/token/node_modules/bluebird/js/release/async.js:147:5)
    at Immediate.Async.drainQueues [as _onImmediate] (/Users/ios/JJGit/NodeJs/Koa/token/node_modules/bluebird/js/release/async.js:17:14)
    at runCallback (timers.js:705:18)
    at tryOnImmediate (timers.js:676:5)
    at processImmediate (timers.js:658:5)
[2019-10-15T11:45:29.772] [ERROR] application - { Error: 缺省title
    at Function.city (/Users/ios/JJGit/NodeJs/Koa/token/modules/app/app.js:27:13)
    at router.post (/Users/ios/JJGit/NodeJs/Koa/token/routers/apis/app.js:13:13)
    at dispatch (/Users/ios/JJGit/NodeJs/Koa/token/node_modules/koa-router/node_modules/koa-compose/index.js:44:32)
    at next (/Users/ios/JJGit/NodeJs/Koa/token/node_modules/koa-router/node_modules/koa-compose/index.js:45:18)
    at /Users/ios/JJGit/NodeJs/Koa/token/node_modules/koa-router/lib/router.js:346:16
    at dispatch (/Users/ios/JJGit/NodeJs/Koa/token/node_modules/koa-router/node_modules/koa-compose/index.js:44:32)
    at /Users/ios/JJGit/NodeJs/Koa/token/node_modules/koa-router/node_modules/koa-compose/index.js:36:12
    at dispatch (/Users/ios/JJGit/NodeJs/Koa/token/node_modules/koa-router/lib/router.js:351:31)
    at dispatch (/Users/ios/JJGit/NodeJs/Koa/token/node_modules/koa-compose/index.js:42:32)
    at /Users/ios/JJGit/NodeJs/Koa/token/node_modules/koa-compose/index.js:34:12
    at dispatch (/Users/ios/JJGit/NodeJs/Koa/token/node_modules/koa/node_modules/koa-compose/index.js:42:32)
    at /Users/ios/JJGit/NodeJs/Koa/token/node_modules/koa-log4/koa-logger.js:86:13
    at dispatch (/Users/ios/JJGit/NodeJs/Koa/token/node_modules/koa/node_modules/koa-compose/index.js:42:32)
    at module.exports (/Users/ios/JJGit/NodeJs/Koa/token/core/exception.js:5:11)
    at dispatch (/Users/ios/JJGit/NodeJs/Koa/token/node_modules/koa/node_modules/koa-compose/index.js:42:32)
    at bodyParser (/Users/ios/JJGit/NodeJs/Koa/token/node_modules/koa-bodyparser/index.js:86:11)
    at process._tickCallback (internal/process/next_tick.js:68:7) status: -1, msg: '缺省title' }
[2019-10-15T11:54:17.718] [ERROR] application - ReferenceError: SqlQureyFormat is not defined
    at Function.fetchProvince (/Users/ios/JJGit/NodeJs/Koa/token/modules/app/area_db.js:17:9)
    at Function.city (/Users/ios/JJGit/NodeJs/Koa/token/modules/app/app.js:29:33)
    at router.post (/Users/ios/JJGit/NodeJs/Koa/token/routers/apis/app.js:13:13)
    at dispatch (/Users/ios/JJGit/NodeJs/Koa/token/node_modules/koa-router/node_modules/koa-compose/index.js:44:32)
    at next (/Users/ios/JJGit/NodeJs/Koa/token/node_modules/koa-router/node_modules/koa-compose/index.js:45:18)
    at /Users/ios/JJGit/NodeJs/Koa/token/node_modules/koa-router/lib/router.js:346:16
    at dispatch (/Users/ios/JJGit/NodeJs/Koa/token/node_modules/koa-router/node_modules/koa-compose/index.js:44:32)
    at /Users/ios/JJGit/NodeJs/Koa/token/node_modules/koa-router/node_modules/koa-compose/index.js:36:12
    at dispatch (/Users/ios/JJGit/NodeJs/Koa/token/node_modules/koa-router/lib/router.js:351:31)
    at dispatch (/Users/ios/JJGit/NodeJs/Koa/token/node_modules/koa-compose/index.js:42:32)
    at /Users/ios/JJGit/NodeJs/Koa/token/node_modules/koa-compose/index.js:34:12
    at dispatch (/Users/ios/JJGit/NodeJs/Koa/token/node_modules/koa/node_modules/koa-compose/index.js:42:32)
    at /Users/ios/JJGit/NodeJs/Koa/token/node_modules/koa-log4/koa-logger.js:86:13
    at dispatch (/Users/ios/JJGit/NodeJs/Koa/token/node_modules/koa/node_modules/koa-compose/index.js:42:32)
    at module.exports (/Users/ios/JJGit/NodeJs/Koa/token/core/exception.js:5:11)
    at dispatch (/Users/ios/JJGit/NodeJs/Koa/token/node_modules/koa/node_modules/koa-compose/index.js:42:32)
    at bodyParser (/Users/ios/JJGit/NodeJs/Koa/token/node_modules/koa-bodyparser/index.js:86:11)
    at process._tickCallback (internal/process/next_tick.js:68:7)
[2019-10-15T13:52:23.136] [ERROR] application - TypeError: area.all is not a function
    at Function.fetchProvince (/Users/ios/JJGit/NodeJs/Koa/token/modules/app/area_db.js:19:23)
    at Function.city (/Users/ios/JJGit/NodeJs/Koa/token/modules/app/app.js:29:33)
    at router.post (/Users/ios/JJGit/NodeJs/Koa/token/routers/apis/app.js:13:13)
    at dispatch (/Users/ios/JJGit/NodeJs/Koa/token/node_modules/koa-router/node_modules/koa-compose/index.js:44:32)
    at next (/Users/ios/JJGit/NodeJs/Koa/token/node_modules/koa-router/node_modules/koa-compose/index.js:45:18)
    at /Users/ios/JJGit/NodeJs/Koa/token/node_modules/koa-router/lib/router.js:346:16
    at dispatch (/Users/ios/JJGit/NodeJs/Koa/token/node_modules/koa-router/node_modules/koa-compose/index.js:44:32)
    at /Users/ios/JJGit/NodeJs/Koa/token/node_modules/koa-router/node_modules/koa-compose/index.js:36:12
    at dispatch (/Users/ios/JJGit/NodeJs/Koa/token/node_modules/koa-router/lib/router.js:351:31)
    at dispatch (/Users/ios/JJGit/NodeJs/Koa/token/node_modules/koa-compose/index.js:42:32)
    at /Users/ios/JJGit/NodeJs/Koa/token/node_modules/koa-compose/index.js:34:12
    at dispatch (/Users/ios/JJGit/NodeJs/Koa/token/node_modules/koa/node_modules/koa-compose/index.js:42:32)
    at /Users/ios/JJGit/NodeJs/Koa/token/node_modules/koa-log4/koa-logger.js:86:13
    at dispatch (/Users/ios/JJGit/NodeJs/Koa/token/node_modules/koa/node_modules/koa-compose/index.js:42:32)
    at module.exports (/Users/ios/JJGit/NodeJs/Koa/token/core/exception.js:5:11)
    at dispatch (/Users/ios/JJGit/NodeJs/Koa/token/node_modules/koa/node_modules/koa-compose/index.js:42:32)
    at bodyParser (/Users/ios/JJGit/NodeJs/Koa/token/node_modules/koa-bodyparser/index.js:86:11)
    at process._tickCallback (internal/process/next_tick.js:68:7)
[2019-10-15T13:52:29.609] [ERROR] application - TypeError: area.all is not a function
    at Function.fetchProvince (/Users/ios/JJGit/NodeJs/Koa/token/modules/app/area_db.js:19:23)
    at Function.city (/Users/ios/JJGit/NodeJs/Koa/token/modules/app/app.js:29:33)
    at router.post (/Users/ios/JJGit/NodeJs/Koa/token/routers/apis/app.js:13:13)
    at dispatch (/Users/ios/JJGit/NodeJs/Koa/token/node_modules/koa-router/node_modules/koa-compose/index.js:44:32)
    at next (/Users/ios/JJGit/NodeJs/Koa/token/node_modules/koa-router/node_modules/koa-compose/index.js:45:18)
    at /Users/ios/JJGit/NodeJs/Koa/token/node_modules/koa-router/lib/router.js:346:16
    at dispatch (/Users/ios/JJGit/NodeJs/Koa/token/node_modules/koa-router/node_modules/koa-compose/index.js:44:32)
    at /Users/ios/JJGit/NodeJs/Koa/token/node_modules/koa-router/node_modules/koa-compose/index.js:36:12
    at dispatch (/Users/ios/JJGit/NodeJs/Koa/token/node_modules/koa-router/lib/router.js:351:31)
    at dispatch (/Users/ios/JJGit/NodeJs/Koa/token/node_modules/koa-compose/index.js:42:32)
    at /Users/ios/JJGit/NodeJs/Koa/token/node_modules/koa-compose/index.js:34:12
    at dispatch (/Users/ios/JJGit/NodeJs/Koa/token/node_modules/koa/node_modules/koa-compose/index.js:42:32)
    at /Users/ios/JJGit/NodeJs/Koa/token/node_modules/koa-log4/koa-logger.js:86:13
    at dispatch (/Users/ios/JJGit/NodeJs/Koa/token/node_modules/koa/node_modules/koa-compose/index.js:42:32)
    at module.exports (/Users/ios/JJGit/NodeJs/Koa/token/core/exception.js:5:11)
    at dispatch (/Users/ios/JJGit/NodeJs/Koa/token/node_modules/koa/node_modules/koa-compose/index.js:42:32)
    at bodyParser (/Users/ios/JJGit/NodeJs/Koa/token/node_modules/koa-bodyparser/index.js:86:11)
    at process._tickCallback (internal/process/next_tick.js:68:7)
[2019-10-15T13:53:11.975] [ERROR] application - TypeError: area.all is not a function
    at Function.fetchProvince (/Users/ios/JJGit/NodeJs/Koa/token/modules/app/area_db.js:19:23)
    at Function.city (/Users/ios/JJGit/NodeJs/Koa/token/modules/app/app.js:29:33)
    at router.post (/Users/ios/JJGit/NodeJs/Koa/token/routers/apis/app.js:13:13)
    at dispatch (/Users/ios/JJGit/NodeJs/Koa/token/node_modules/koa-router/node_modules/koa-compose/index.js:44:32)
    at next (/Users/ios/JJGit/NodeJs/Koa/token/node_modules/koa-router/node_modules/koa-compose/index.js:45:18)
    at /Users/ios/JJGit/NodeJs/Koa/token/node_modules/koa-router/lib/router.js:346:16
    at dispatch (/Users/ios/JJGit/NodeJs/Koa/token/node_modules/koa-router/node_modules/koa-compose/index.js:44:32)
    at /Users/ios/JJGit/NodeJs/Koa/token/node_modules/koa-router/node_modules/koa-compose/index.js:36:12
    at dispatch (/Users/ios/JJGit/NodeJs/Koa/token/node_modules/koa-router/lib/router.js:351:31)
    at dispatch (/Users/ios/JJGit/NodeJs/Koa/token/node_modules/koa-compose/index.js:42:32)
    at /Users/ios/JJGit/NodeJs/Koa/token/node_modules/koa-compose/index.js:34:12
    at dispatch (/Users/ios/JJGit/NodeJs/Koa/token/node_modules/koa/node_modules/koa-compose/index.js:42:32)
    at /Users/ios/JJGit/NodeJs/Koa/token/node_modules/koa-log4/koa-logger.js:86:13
    at dispatch (/Users/ios/JJGit/NodeJs/Koa/token/node_modules/koa/node_modules/koa-compose/index.js:42:32)
    at module.exports (/Users/ios/JJGit/NodeJs/Koa/token/core/exception.js:5:11)
    at dispatch (/Users/ios/JJGit/NodeJs/Koa/token/node_modules/koa/node_modules/koa-compose/index.js:42:32)
    at bodyParser (/Users/ios/JJGit/NodeJs/Koa/token/node_modules/koa-bodyparser/index.js:86:11)
    at process._tickCallback (internal/process/next_tick.js:68:7)
[2019-10-15T13:53:25.597] [ERROR] application - TypeError: area.all is not a function
    at Function.fetchProvince (/Users/ios/JJGit/NodeJs/Koa/token/modules/app/area_db.js:19:23)
    at Function.city (/Users/ios/JJGit/NodeJs/Koa/token/modules/app/app.js:29:33)
    at router.post (/Users/ios/JJGit/NodeJs/Koa/token/routers/apis/app.js:13:13)
    at dispatch (/Users/ios/JJGit/NodeJs/Koa/token/node_modules/koa-router/node_modules/koa-compose/index.js:44:32)
    at next (/Users/ios/JJGit/NodeJs/Koa/token/node_modules/koa-router/node_modules/koa-compose/index.js:45:18)
    at /Users/ios/JJGit/NodeJs/Koa/token/node_modules/koa-router/lib/router.js:346:16
    at dispatch (/Users/ios/JJGit/NodeJs/Koa/token/node_modules/koa-router/node_modules/koa-compose/index.js:44:32)
    at /Users/ios/JJGit/NodeJs/Koa/token/node_modules/koa-router/node_modules/koa-compose/index.js:36:12
    at dispatch (/Users/ios/JJGit/NodeJs/Koa/token/node_modules/koa-router/lib/router.js:351:31)
    at dispatch (/Users/ios/JJGit/NodeJs/Koa/token/node_modules/koa-compose/index.js:42:32)
    at /Users/ios/JJGit/NodeJs/Koa/token/node_modules/koa-compose/index.js:34:12
    at dispatch (/Users/ios/JJGit/NodeJs/Koa/token/node_modules/koa/node_modules/koa-compose/index.js:42:32)
    at /Users/ios/JJGit/NodeJs/Koa/token/node_modules/koa-log4/koa-logger.js:86:13
    at dispatch (/Users/ios/JJGit/NodeJs/Koa/token/node_modules/koa/node_modules/koa-compose/index.js:42:32)
    at module.exports (/Users/ios/JJGit/NodeJs/Koa/token/core/exception.js:5:11)
    at dispatch (/Users/ios/JJGit/NodeJs/Koa/token/node_modules/koa/node_modules/koa-compose/index.js:42:32)
    at bodyParser (/Users/ios/JJGit/NodeJs/Koa/token/node_modules/koa-bodyparser/index.js:86:11)
    at process._tickCallback (internal/process/next_tick.js:68:7)
[2019-10-15T13:54:33.081] [ERROR] application - TypeError: area.all is not a function
    at Function.fetchProvince (/Users/ios/JJGit/NodeJs/Koa/token/modules/app/area_db.js:13:12)
    at Function.city (/Users/ios/JJGit/NodeJs/Koa/token/modules/app/app.js:29:33)
    at router.post (/Users/ios/JJGit/NodeJs/Koa/token/routers/apis/app.js:13:13)
    at dispatch (/Users/ios/JJGit/NodeJs/Koa/token/node_modules/koa-router/node_modules/koa-compose/index.js:44:32)
    at next (/Users/ios/JJGit/NodeJs/Koa/token/node_modules/koa-router/node_modules/koa-compose/index.js:45:18)
    at /Users/ios/JJGit/NodeJs/Koa/token/node_modules/koa-router/lib/router.js:346:16
    at dispatch (/Users/ios/JJGit/NodeJs/Koa/token/node_modules/koa-router/node_modules/koa-compose/index.js:44:32)
    at /Users/ios/JJGit/NodeJs/Koa/token/node_modules/koa-router/node_modules/koa-compose/index.js:36:12
    at dispatch (/Users/ios/JJGit/NodeJs/Koa/token/node_modules/koa-router/lib/router.js:351:31)
    at dispatch (/Users/ios/JJGit/NodeJs/Koa/token/node_modules/koa-compose/index.js:42:32)
    at /Users/ios/JJGit/NodeJs/Koa/token/node_modules/koa-compose/index.js:34:12
    at dispatch (/Users/ios/JJGit/NodeJs/Koa/token/node_modules/koa/node_modules/koa-compose/index.js:42:32)
    at /Users/ios/JJGit/NodeJs/Koa/token/node_modules/koa-log4/koa-logger.js:86:13
    at dispatch (/Users/ios/JJGit/NodeJs/Koa/token/node_modules/koa/node_modules/koa-compose/index.js:42:32)
    at module.exports (/Users/ios/JJGit/NodeJs/Koa/token/core/exception.js:5:11)
    at dispatch (/Users/ios/JJGit/NodeJs/Koa/token/node_modules/koa/node_modules/koa-compose/index.js:42:32)
    at bodyParser (/Users/ios/JJGit/NodeJs/Koa/token/node_modules/koa-bodyparser/index.js:86:11)
    at process._tickCallback (internal/process/next_tick.js:68:7)
[2019-10-15T13:54:35.924] [ERROR] application - TypeError: area.all is not a function
    at Function.fetchProvince (/Users/ios/JJGit/NodeJs/Koa/token/modules/app/area_db.js:13:12)
    at Function.city (/Users/ios/JJGit/NodeJs/Koa/token/modules/app/app.js:29:33)
    at router.post (/Users/ios/JJGit/NodeJs/Koa/token/routers/apis/app.js:13:13)
    at dispatch (/Users/ios/JJGit/NodeJs/Koa/token/node_modules/koa-router/node_modules/koa-compose/index.js:44:32)
    at next (/Users/ios/JJGit/NodeJs/Koa/token/node_modules/koa-router/node_modules/koa-compose/index.js:45:18)
    at /Users/ios/JJGit/NodeJs/Koa/token/node_modules/koa-router/lib/router.js:346:16
    at dispatch (/Users/ios/JJGit/NodeJs/Koa/token/node_modules/koa-router/node_modules/koa-compose/index.js:44:32)
    at /Users/ios/JJGit/NodeJs/Koa/token/node_modules/koa-router/node_modules/koa-compose/index.js:36:12
    at dispatch (/Users/ios/JJGit/NodeJs/Koa/token/node_modules/koa-router/lib/router.js:351:31)
    at dispatch (/Users/ios/JJGit/NodeJs/Koa/token/node_modules/koa-compose/index.js:42:32)
    at /Users/ios/JJGit/NodeJs/Koa/token/node_modules/koa-compose/index.js:34:12
    at dispatch (/Users/ios/JJGit/NodeJs/Koa/token/node_modules/koa/node_modules/koa-compose/index.js:42:32)
    at /Users/ios/JJGit/NodeJs/Koa/token/node_modules/koa-log4/koa-logger.js:86:13
    at dispatch (/Users/ios/JJGit/NodeJs/Koa/token/node_modules/koa/node_modules/koa-compose/index.js:42:32)
    at module.exports (/Users/ios/JJGit/NodeJs/Koa/token/core/exception.js:5:11)
    at dispatch (/Users/ios/JJGit/NodeJs/Koa/token/node_modules/koa/node_modules/koa-compose/index.js:42:32)
    at bodyParser (/Users/ios/JJGit/NodeJs/Koa/token/node_modules/koa-bodyparser/index.js:86:11)
    at process._tickCallback (internal/process/next_tick.js:68:7)
[2019-10-15T14:01:15.983] [ERROR] application - { SequelizeDatabaseError: You have an error in your SQL syntax; check the manual that corresponds to your MySQL server version for the right syntax to use near '*)) AS `count` FROM `Area` AS `Area`' at line 1
    at Query.formatError (/Users/ios/JJGit/NodeJs/Koa/token/node_modules/sequelize/lib/dialects/mysql/query.js:239:16)
    at Query.handler [as onResult] (/Users/ios/JJGit/NodeJs/Koa/token/node_modules/sequelize/lib/dialects/mysql/query.js:46:23)
    at Query.execute (/Users/ios/JJGit/NodeJs/Koa/token/node_modules/mysql2/lib/commands/command.js:30:14)
    at Connection.handlePacket (/Users/ios/JJGit/NodeJs/Koa/token/node_modules/mysql2/lib/connection.js:449:32)
    at PacketParser.Connection.packetParser.p [as onPacket] (/Users/ios/JJGit/NodeJs/Koa/token/node_modules/mysql2/lib/connection.js:72:12)
    at PacketParser.executeStart (/Users/ios/JJGit/NodeJs/Koa/token/node_modules/mysql2/lib/packet_parser.js:75:16)
    at Socket.Connection.stream.on.data (/Users/ios/JJGit/NodeJs/Koa/token/node_modules/mysql2/lib/connection.js:79:25)
    at Socket.emit (events.js:198:13)
    at addChunk (_stream_readable.js:288:12)
    at readableAddChunk (_stream_readable.js:269:11)
    at Socket.Readable.push (_stream_readable.js:224:10)
    at TCP.onStreamRead [as onread] (internal/stream_base_commons.js:94:17)
  name: 'SequelizeDatabaseError',
  parent:
   { Error: You have an error in your SQL syntax; check the manual that corresponds to your MySQL server version for the right syntax to use near '*)) AS `count` FROM `Area` AS `Area`' at line 1
       at Packet.asError (/Users/ios/JJGit/NodeJs/Koa/token/node_modules/mysql2/lib/packets/packet.js:684:17)
       at Query.execute (/Users/ios/JJGit/NodeJs/Koa/token/node_modules/mysql2/lib/commands/command.js:28:26)
       at Connection.handlePacket (/Users/ios/JJGit/NodeJs/Koa/token/node_modules/mysql2/lib/connection.js:449:32)
       at PacketParser.Connection.packetParser.p [as onPacket] (/Users/ios/JJGit/NodeJs/Koa/token/node_modules/mysql2/lib/connection.js:72:12)
       at PacketParser.executeStart (/Users/ios/JJGit/NodeJs/Koa/token/node_modules/mysql2/lib/packet_parser.js:75:16)
       at Socket.Connection.stream.on.data (/Users/ios/JJGit/NodeJs/Koa/token/node_modules/mysql2/lib/connection.js:79:25)
       at Socket.emit (events.js:198:13)
       at addChunk (_stream_readable.js:288:12)
       at readableAddChunk (_stream_readable.js:269:11)
       at Socket.Readable.push (_stream_readable.js:224:10)
       at TCP.onStreamRead [as onread] (internal/stream_base_commons.js:94:17)
     code: 'ER_PARSE_ERROR',
     errno: 1064,
     sqlState: '42000',
     sqlMessage:
      'You have an error in your SQL syntax; check the manual that corresponds to your MySQL server version for the right syntax to use near \'*)) AS `count` FROM `Area` AS `Area`\' at line 1',
     sql:
      'SELECT count(DISTINCT(*)) AS `count` FROM `Area` AS `Area`;' },
  original:
   { Error: You have an error in your SQL syntax; check the manual that corresponds to your MySQL server version for the right syntax to use near '*)) AS `count` FROM `Area` AS `Area`' at line 1
       at Packet.asError (/Users/ios/JJGit/NodeJs/Koa/token/node_modules/mysql2/lib/packets/packet.js:684:17)
       at Query.execute (/Users/ios/JJGit/NodeJs/Koa/token/node_modules/mysql2/lib/commands/command.js:28:26)
       at Connection.handlePacket (/Users/ios/JJGit/NodeJs/Koa/token/node_modules/mysql2/lib/connection.js:449:32)
       at PacketParser.Connection.packetParser.p [as onPacket] (/Users/ios/JJGit/NodeJs/Koa/token/node_modules/mysql2/lib/connection.js:72:12)
       at PacketParser.executeStart (/Users/ios/JJGit/NodeJs/Koa/token/node_modules/mysql2/lib/packet_parser.js:75:16)
       at Socket.Connection.stream.on.data (/Users/ios/JJGit/NodeJs/Koa/token/node_modules/mysql2/lib/connection.js:79:25)
       at Socket.emit (events.js:198:13)
       at addChunk (_stream_readable.js:288:12)
       at readableAddChunk (_stream_readable.js:269:11)
       at Socket.Readable.push (_stream_readable.js:224:10)
       at TCP.onStreamRead [as onread] (internal/stream_base_commons.js:94:17)
     code: 'ER_PARSE_ERROR',
     errno: 1064,
     sqlState: '42000',
     sqlMessage:
      'You have an error in your SQL syntax; check the manual that corresponds to your MySQL server version for the right syntax to use near \'*)) AS `count` FROM `Area` AS `Area`\' at line 1',
     sql:
      'SELECT count(DISTINCT(*)) AS `count` FROM `Area` AS `Area`;' },
  sql:
   'SELECT count(DISTINCT(*)) AS `count` FROM `Area` AS `Area`;' }
